<?xml version="1.0" encoding="UTF-8"?>
<!-- Generated by org.testng.reporters.JUnitReportReporter -->
<testsuite hostname="DESKTOP-BBH489I" failures="0" tests="1" name="eCommerceProject.Ajio" time="104.693" errors="0" timestamp="2023-07-26T14:59:44 IST" skipped="0">
  <testcase classname="eCommerceProject.Ajio" name="f" time="104.693"/>
  <system-out>
    <![CDATA[Opning Ajio]]>
  </system-out>
</testsuite> <!-- eCommerceProject.Ajio -->
