<?xml version="1.0" encoding="UTF-8"?>
<!-- Generated by org.testng.reporters.JUnitReportReporter -->
<testsuite hostname="DESKTOP-BBH489I" failures="0" tests="1" name="eCommerceProject.Amazon" time="70.100" errors="0" timestamp="2023-07-26T14:59:44 IST" skipped="0">
  <testcase classname="eCommerceProject.Amazon" name="amazonTest" time="70.100"/>
  <system-out>
    <![CDATA[Opning Amazon]]>
  </system-out>
</testsuite> <!-- eCommerceProject.Amazon -->
