<?xml version="1.0" encoding="UTF-8"?>
<!-- Generated by org.testng.reporters.JUnitReportReporter -->
<testsuite hostname="DESKTOP-BBH489I" failures="0" tests="1" name="eCommerceProject.Flipkart" time="86.687" errors="0" timestamp="2023-07-26T14:59:44 IST" skipped="0">
  <testcase classname="eCommerceProject.Flipkart" name="flipkartTest" time="86.687"/>
  <system-out>
    <![CDATA[Opning Flipkart]]>
  </system-out>
</testsuite> <!-- eCommerceProject.Flipkart -->
